[LOG] System::create                           : Header version = 2.02.13. Current version = 2.02.13.
[LOG] Manager::init                            : maxchannels = 256 studioflags = 00000006 flags 00000000 extradriverdata 0000000000000000.
[LOG] SystemI::init                            : Initialize version=20213 (132591), maxchannels=256, flags=0x00020000
[LOG] SystemI::setOutputInternal               : Setting output to 'FMOD WASAPI Output'
[LOG] OutputWASAPI::init                       : Mix Format (WAVEFORMATEX): wFormatTag=0xFFFE, nChannels=2, nSamplesPerSec=48000, nAvgBytesPerSec=384000, nBlockAlign=8, wBitsPerSample=32, cbSize=22.
[LOG] OutputWASAPI::init                       : Mix Format (WAVEFORMATEXTENSIBLE): wValidBitsPerSample=32, dwChannelMask=0x00000003, SubFormat=00000003-0000-0010-8000-00AA00389B71.
[LOG] OutputWASAPI::init                       : Output buffer size: 4096 samples, latency: 0.00ms, period: 10.00ms, DSP buffer: 1024 * 4
[LOG] Thread::initThread                       : Init FMOD stream thread. Affinity: 0x4000000000000003, Priority: 0xFFFF7FFB, Stack Size: 98304, Semaphore: No, Sleep Time: 10, Looping: Yes.
[LOG] Thread::initThread                       : Init FMOD mixer thread. Affinity: 0x4000000000000001, Priority: 0xFFFF7FFA, Stack Size: 81920, Semaphore: No, Sleep Time: 0, Looping: Yes.
[LOG] AsyncManager::init                       : manager 0000029C7D0E6858 isAsync 0 updatePeriod 0.02
[LOG] AsyncManager::init                       : done
[LOG] PlaybackSystem::init                     : 
[LOG] Thread::initThread                       : Init FMOD Studio sample load thread. Affinity: 0x4000000000000003, Priority: 0xFFFF7FFD, Stack Size: 98304, Semaphore: No, Sleep Time: 1, Looping: No.
[LOG] PlaybackSystem::init                     : done
[LOG] Thread::initThread                       : Init FMOD Studio bank load thread. Affinity: 0x4000000000000003, Priority: 0xFFFF7FFD, Stack Size: 98304, Semaphore: No, Sleep Time: 1, Looping: No.
[LOG] Manager::init                            : done.
[LOG] Manager::readBank                        : fileversion = 142, compatVersion = 140 (oldest = 44, newest = 142)
[LOG] Manager::readBank                        : fileversion = 142, compatVersion = 140 (oldest = 44, newest = 142)
[LOG] Manager::readBank                        : fileversion = 142, compatVersion = 140 (oldest = 44, newest = 142)
[LOG] Manager::readBank                        : fileversion = 142, compatVersion = 140 (oldest = 44, newest = 142)
[LOG] PlaybackSystem::acquireMasterBus         : Setting master channel group format to 6
[LOG] SoundI::release                          :  (0000029B9B3C2D68)
[LOG] SoundI::release                          :     ESE - Foot Step - Grass 7 (0000029BA08D4148)
[LOG] SoundI::release                          :  (0000029BA0CF7AC8)
[LOG] SoundI::release                          :     ESE - Foot Step - Grass 8 (0000029BF484E788)
[LOG] SoundI::release                          :  (0000029CBCBF7D58)
[LOG] SoundI::release                          :     ESE - Foot Step - Grass 9 (0000029BA08CC0E8)
[LOG] SoundI::release                          :  (0000029CE95BF1F8)
[LOG] SoundI::release                          :     ESE - Foot Step - Grass 10 (0000029BA08C5F68)
[LOG] SoundI::release                          :  (0000029BA0E9F4D8)
[LOG] SoundI::release                          :     ESE - Foot Step - Grass 11 (0000029BA08CD128)
[LOG] SoundI::release                          :  (0000029B9B3C27A8)
[LOG] SoundI::release                          :     ESE - Foot Step - Grass 12 (0000029BA08DC828)
[LOG] SoundI::release                          :  (0000029CEDF18628)
[LOG] SoundI::release                          :     ESE - Foot Step - Grass 13 (0000029BA08D6848)
[LOG] SoundI::release                          :  (0000029B9772DFA8)
[LOG] SoundI::release                          :     ESE - Foot Step - Grass 14 (0000029BA08C50C8)
[LOG] SoundI::release                          :  (0000029CEDF18068)
[LOG] SoundI::release                          :     ESE - Foot Step - Grass 15 (0000029BA08CFB68)
[LOG] SoundI::release                          :  (0000029BA0CF7DA8)
[LOG] SoundI::release                          :     ESE - Foot Step - Grass 16 (0000029BF484E448)
[LOG] SoundI::release                          :  (0000029BA0E9F088)
[LOG] SoundI::release                          :     ESE - Foot Step - Grass 17 (0000029BA08CF688)
[LOG] SoundI::release                          :  (0000029CEDF18D58)
[LOG] SoundI::release                          :     ESE - Foot Step - Grass 1 (0000029BA08D2408)
[LOG] SoundI::release                          :  (0000029CEDF18908)
[LOG] SoundI::release                          :     ESE - Foot Step - Grass 2 (0000029BA08D73A8)
[LOG] SoundI::release                          :  (0000029CBCBF7628)
[LOG] SoundI::release                          :     ESE - Foot Step - Grass 3 (0000029BA08CF1A8)
[LOG] SoundI::release                          :  (0000029B9772E118)
[LOG] SoundI::release                          :     ESE - Foot Step - Grass 4 (0000029BA08C8E88)
[LOG] SoundI::release                          :  (0000029BA0CF70B8)
[LOG] SoundI::release                          :     ESE - Foot Step - Grass 5 (0000029BA08DD6C8)
[LOG] SoundI::release                          :  (0000029B9772E568)
[LOG] SoundI::release                          :     ESE - Foot Step - Grass 6 (0000029BA08CAD68)
[LOG] SoundI::release                          :  (0000029CBCBF7348)
[LOG] SoundI::release                          :     ESE - Foot Step - Concrete 4 (0000029BA08C6E08)
[LOG] SoundI::release                          :  (0000029CE95BF7B8)
[LOG] SoundI::release                          :     ESE - Foot Step - Concrete 5 (0000029BA08C8808)
[LOG] SoundI::release                          :  (0000029BA0CF77E8)
[LOG] SoundI::release                          :     ESE - Foot Step - Concrete 6 (0000029BF4851028)
[LOG] SoundI::release                          :  (0000029CE8CACA68)
[LOG] SoundI::release                          :     ESE - Foot Step - Concrete 7 (0000029BF4853248)
[LOG] SoundI::release                          :  (0000029B9B3C2BF8)
[LOG] SoundI::release                          :     ESE - Foot Step - Concrete 8 (0000029BA08D25A8)
[LOG] SoundI::release                          :  (0000029BA0CF7398)
[LOG] SoundI::release                          :     ESE - Foot Step - Concrete 9 (0000029BA08E5248)
[LOG] SoundI::release                          :  (0000029B9772D878)
[LOG] SoundI::release                          :     ESE - Foot Step - Concrete 10 (0000029BA08C7CA8)
[LOG] SoundI::release                          :  (0000029CEDF18BE8)
[LOG] SoundI::release                          :     ESE - Foot Step - Concrete 11 (0000029BA08D2268)
[LOG] SoundI::release                          :  (0000029B9772DCC8)
[LOG] SoundI::release                          :     ESE - Foot Step - Concrete 12 (0000029BA08C9B88)
[LOG] SoundI::release                          :  (0000029BA10CF388)
[LOG] SoundI::release                          :     Fire Layer 1 (0000029BA08C1988)
[LOG] SoundI::release                          :  (0000029B9F4154E8)
[LOG] SoundI::release                          :     Fire Layer 2 (0000029BA08C4F28)
[LOG] SoundI::release                          :  (0000029BA10CF0A8)
[LOG] SoundI::release                          :     Impact 1 (0000029BA08C0608)
[LOG] SoundI::release                          :  (0000029BA10CF948)
[LOG] SoundI::release                          :     Impact 2 (0000029BA08BFDE8)
[LOG] SoundI::release                          :  (0000029BA10CFD98)
[LOG] SoundI::release                          :     Lightning Layer 1 (0000029BA08C0C88)
[LOG] SoundI::release                          :  (0000029BA10CFC28)
[LOG] SoundI::release                          :     Lightning Layer 2 (0000029BA08C21A8)
[LOG] SoundI::release                          :  (0000029BA10CF4F8)
[LOG] SoundI::release                          :     Damage Woosh 2 (0000029BA08C2008)
[LOG] SoundI::release                          :  (0000029BA10CF668)
[LOG] SoundI::release                          :     Punch_Woosh (0000029BA08C0AE8)
[LOG] SoundI::release                          :  (0000029CBCBF7798)
[LOG] SoundI::release                          :     ESE - Foot Step - Concrete 13 (0000029BA08CFD08)
[LOG] SoundI::release                          :  (0000029CEDF181D8)
[LOG] SoundI::release                          :     ESE - Foot Step - Concrete 14 (0000029BA08CFEA8)
[LOG] SoundI::release                          :  (0000029BA0CF7958)
[LOG] SoundI::release                          :     ESE - Foot Step - Concrete 15 (0000029BF48519E8)
[LOG] SoundI::release                          :  (0000029CE95BF088)
[LOG] SoundI::release                          :     ESE - Foot Step - Concrete 16 (0000029BA08C99E8)
[LOG] SoundI::release                          :  (0000029B9B3C2918)
[LOG] SoundI::release                          :     ESE - Foot Step - Concrete 17 (0000029BA08DD1E8)
[LOG] SoundI::release                          :  (0000029BA0E9FC08)
[LOG] SoundI::release                          :     ESE - Foot Step - Concrete 1 (0000029BA08CDAE8)
[LOG] SoundI::release                          :  (0000029B9B3C2358)
[LOG] SoundI::release                          :     ESE - Foot Step - Concrete 2 (0000029BA08D8A68)
[LOG] SoundI::release                          :  (0000029CEDF18A78)
[LOG] SoundI::release                          :     ESE - Foot Step - Dirt 3 (0000029BA08D1BE8)
[LOG] SoundI::release                          :  (0000029B9F415658)
[LOG] SoundI::release                          :     ESE - Foot Step - Dirt 4 (0000029BA08C7FE8)
[LOG] SoundI::release                          :  (0000029B9772D9E8)
[LOG] SoundI::release                          :     ESE - Foot Step - Dirt 5 (0000029BA08C9508)
[LOG] SoundI::release                          :  (0000029CEDF18348)
[LOG] SoundI::release                          :     ESE - Foot Step - Dirt 6 (0000029BA08D06C8)
[LOG] SoundI::release                          :  (0000029BA0E9FA98)
[LOG] SoundI::release                          :     ESE - Foot Step - Dirt 7 (0000029BA08CC908)
[LOG] SoundI::release                          :  (0000029CBCBF7068)
[LOG] SoundI::release                          :     ESE - Foot Step - Dirt 8 (0000029BA08C62A8)
[LOG] SoundI::release                          :  (0000029B9B3C21E8)
[LOG] SoundI::release                          :     ESE - Foot Step - Dirt 9 (0000029BA08D35E8)
[LOG] SoundI::release                          :  (0000029BA0E9F1F8)
[LOG] SoundI::release                          :     ESE - Foot Step - Dirt 10 (0000029BA08CDE28)
[LOG] SoundI::release                          :  (0000029BA0E9F648)
[LOG] SoundI::release                          :     ESE - Foot Step - Dirt 11 (0000029BA08CC5C8)
[LOG] SoundI::release                          :  (0000029CBCBF7908)
[LOG] SoundI::release                          :     ESE - Foot Step - Dirt 13 (0000029BA08CC428)
[LOG] SoundI::release                          :  (0000029CE95BF368)
[LOG] SoundI::release                          :     ESE - Foot Step - Dirt 14 (0000029BA08CB728)
[LOG] SoundI::release                          :  (0000029CBCBF71D8)
[LOG] SoundI::release                          :     ESE - Foot Step - Dirt 15 (0000029BA08C6AC8)
[LOG] SoundI::release                          :  (0000029B9B3C2638)
[LOG] SoundI::release                          :     ESE - Foot Step - Dirt 16 (0000029BA08DEF28)
[LOG] SoundI::release                          :  (0000029B9B3C2078)
[LOG] SoundI::release                          :     ESE - Foot Step - Dirt 17 (0000029BA08D2C28)
[LOG] SoundI::release                          :  (0000029BA0E9F928)
[LOG] SoundI::release                          :     ESE - Foot Step - Dirt 1 (0000029BA08CD468)
[LOG] SoundI::release                          :  (0000029CBCBF74B8)
[LOG] SoundI::release                          :     ESE - Foot Step - Dirt 2 (0000029BA08CE648)
[LOG] SoundI::release                          :  (0000029BA0CF7C38)
[LOG] SoundI::release                          :     ESE - Foot Step - Wood - Fast Rolled 16 (0000029BF484DF68)
[LOG] SoundI::release                          :  (0000029B9772DE38)
[LOG] SoundI::release                          :     ESE - Foot Step - Wood - Fast Rolled 17 (0000029BA08CAA28)
[LOG] SoundI::release                          :  (0000029B9F415C18)
[LOG] SoundI::release                          :     ESE - Foot Step - Wood - Medium 01 (0000029BA08C7488)
[LOG] SoundI::release                          :  (0000029CBCBF7BE8)
[LOG] SoundI::release                          :     ESE - Foot Step - Wood - Medium 02 (0000029BA08C7148)
[LOG] SoundI::release                          :  (0000029CE95BF928)
[LOG] SoundI::release                          :     ESE - Foot Step - Wood - Medium 03 (0000029BA08C6448)
[LOG] SoundI::release                          :  (0000029BA0CF7508)
[LOG] SoundI::release                          :     ESE - Foot Step - Wood - Medium 04 (0000029BF484DA88)
[LOG] SoundI::release                          :  (0000029B9B3C2A88)
[LOG] SoundI::release                          :     ESE - Foot Step - Wood - Medium 05 (0000029BA08DA468)
[LOG] SoundI::release                          :  (0000029BA0E9FD78)
[LOG] SoundI::release                          :     ESE - Foot Step - Wood - Medium 06 (0000029BA08CD948)
[LOG] SoundI::release                          :  (0000029CE95BFA98)
[LOG] SoundI::release                          :     ESE - Foot Step - Wood - Medium 07 (0000029BA08C96A8)
[LOG] SoundI::release                          :  (0000029B9772DB58)
[LOG] SoundI::release                          :     ESE - Foot Step - Wood - Medium 08 (0000029BA08CA208)
[LOG] SoundI::release                          :  (0000029BA0E9F7B8)
[LOG] SoundI::release                          :     ESE - Foot Step - Wood - Medium 09 (0000029BA08D1F28)
[LOG] SoundI::release                          :  (0000029B9B3C24C8)
[LOG] SoundI::release                          :     ESE - Foot Step - Wood - Medium 10 (0000029BA08DE708)
[LOG] SoundI::release                          :  (0000029BA0CF7228)
[LOG] SoundI::release                          :     ESE - Foot Step - Wood - Slow 11 (0000029BA08E1E48)
[LOG] SoundI::release                          :  (0000029B9772E288)
[LOG] SoundI::release                          :     ESE - Foot Step - Wood - Slow 12 (0000029BA08CABC8)
[LOG] SoundI::release                          :  (0000029CEDF18798)
[LOG] SoundI::release                          :     ESE - Foot Step - Wood - Slow 13 (0000029BA08D01E8)
[LOG] SoundI::release                          :  (0000029CE8CAC058)
[LOG] SoundI::release                          :     ESE - Foot Step - Wood - Slow 14 (0000029BF484E2A8)
[LOG] SoundI::release                          :  (0000029CE95BFD78)
[LOG] SoundI::release                          :     ESE - Foot Step - Wood - Fast 18 (0000029BA08C5C28)
[LOG] SoundI::release                          :  (0000029BA0CF7678)
[LOG] SoundI::release                          :     ESE - Foot Step - Wood - Fast 19 (0000029BF484FFE8)
[LOG] SoundI::release                          :  (0000029CEDF184B8)
[LOG] SoundI::release                          :     ESE - Foot Step - Wood - Fast 20 (0000029BA08D7D68)
[LOG] SoundI::release                          :  (0000029BA0E9F368)
[LOG] SoundI::release                          :     ESE - Foot Step - Wood - Fast 21 (0000029BA08CF828)
[LOG] SoundI::release                          :  (0000029B9772E3F8)
[LOG] SoundI::release                          :     ESE - Foot Step - Wood - Fast 22 (0000029BA08C77C8)
[LOG] SoundI::release                          :  (0000029CA9ADE078)
[LOG] SoundI::release                          :     ESE - Foot Step - Wood - Fast 23 (0000029BA08CA068)
[LOG] SoundI::release                          :  (0000029CE95BF648)
[LOG] SoundI::release                          :     ESE - Foot Step - Wood - Fast 24 (0000029BA08C8B48)
[LOG] SoundI::release                          :  (0000029CE95BFC08)
[LOG] SoundI::release                          :     ESE - Foot Step - Wood - Fast Rolled 15 (0000029BA08C9848)
[LOG] SoundI::release                          :  (0000029CBCBF7A78)
[LOG] SoundI::release                          :     Jump Impact (0000029BA08C6788)
[LOG] SoundI::release                          :  (0000029CE95BF4D8)
[LOG] SoundI::release                          :     Short Woosh 16 (0000029BA08CA3A8)
[LOG] Thread::callback                         : FMOD Studio update thread finished.
[LOG] Thread::callback                         : FMOD Studio bank load thread finished.
[LOG] Profile::disconnectAll                   : Profiler disconnecting all clients
[LOG] Thread::callback                         : FMOD Studio sample load thread finished.
[LOG] LiveUpdate::release                      : 
[LOG] LiveUpdate::reset                        : Reset connection (reason Disconnected)
[LOG] Thread::callback                         : FMOD stream thread finished.
[LOG] Thread::callback                         : FMOD mixer thread finished.
[LOG] Profile::disconnectAll                   : Profiler disconnecting all clients
[LOG] SystemI::close                           : Closed.
